app/build/intermediates/manifest_merge_blame_file/debug/processDebugMainManifest/manifest-merger-blame-debug-report.txt
1<?xml version="1.0" encoding="utf-8"?>
2<manifest xmlns:android="http://schemas.android.com/apk/res/android"
3    package="com.vocabulary.scanner"
4    android:versionCode="1"
5    android:versionName="1.0.0" >
6
7    <uses-sdk
8        android:minSdkVersion="24"
9        android:targetSdkVersion="34" />
10
11    <uses-permission android:name="android.permission.CAMERA" />
11-->src/main/AndroidManifest.xml:5:5-65
11-->src/main/AndroidManifest.xml:5:22-62
12    <uses-permission android:name="android.permission.READ_EXTERNAL_STORAGE" />
12-->src/main/AndroidManifest.xml:6:5-80
12-->src/main/AndroidManifest.xml:6:22-77
13    <uses-permission android:name="android.permission.WRITE_EXTERNAL_STORAGE" />
13-->src/main/AndroidManifest.xml:7:5-81
13-->src/main/AndroidManifest.xml:7:22-78
14    <uses-permission android:name="android.permission.INTERNET" />
14-->src/main/AndroidManifest.xml:8:5-67
14-->src/main/AndroidManifest.xml:8:22-64
15    <uses-permission android:name="android.permission.ACCESS_NETWORK_STATE" />
15-->src/main/AndroidManifest.xml:9:5-79
15-->src/main/AndroidManifest.xml:9:22-76
16
17    <uses-feature
17-->src/main/AndroidManifest.xml:11:5-13:35
18        android:name="android.hardware.camera"
18-->src/main/AndroidManifest.xml:12:9-47
19        android:required="true" />
19-->src/main/AndroidManifest.xml:13:9-32
20    <uses-feature
20-->src/main/AndroidManifest.xml:14:5-16:36
21        android:name="android.hardware.camera.autofocus"
21-->src/main/AndroidManifest.xml:15:9-57
22        android:required="false" />
22-->src/main/AndroidManifest.xml:16:9-33
23
24    <permission
24-->[androidx.core:core:1.12.0] AndroidManifest.xml:22:5-24:47
25        android:name="com.vocabulary.scanner.DYNAMIC_RECEIVER_NOT_EXPORTED_PERMISSION"
25-->[androidx.core:core:1.12.0] AndroidManifest.xml:23:9-81
26        android:protectionLevel="signature" />
26-->[androidx.core:core:1.12.0] AndroidManifest.xml:24:9-44
27
28    <uses-permission android:name="com.vocabulary.scanner.DYNAMIC_RECEIVER_NOT_EXPORTED_PERMISSION" />
28-->[androidx.core:core:1.12.0] AndroidManifest.xml:26:5-97
28-->[androidx.core:core:1.12.0] AndroidManifest.xml:26:22-94
29
30    <application
30-->src/main/AndroidManifest.xml:18:5-73:19
31        android:name="com.vocabulary.scanner.VocabularyApplication"
31-->src/main/AndroidManifest.xml:19:9-46
32        android:allowBackup="true"
32-->src/main/AndroidManifest.xml:20:9-35
33        android:appComponentFactory="androidx.core.app.CoreComponentFactory"
33-->[androidx.core:core:1.12.0] AndroidManifest.xml:28:18-86
34        android:dataExtractionRules="@xml/data_extraction_rules"
34-->src/main/AndroidManifest.xml:21:9-65
35        android:debuggable="true"
36        android:extractNativeLibs="false"
37        android:fullBackupContent="@xml/backup_rules"
37-->src/main/AndroidManifest.xml:22:9-54
38        android:icon="@mipmap/ic_launcher"
38-->src/main/AndroidManifest.xml:23:9-43
39        android:label="@string/app_name"
39-->src/main/AndroidManifest.xml:24:9-41
40        android:roundIcon="@mipmap/ic_launcher_round"
40-->src/main/AndroidManifest.xml:25:9-54
41        android:supportsRtl="true"
41-->src/main/AndroidManifest.xml:26:9-35
42        android:theme="@style/Theme.VocabularyScanner" >
42-->src/main/AndroidManifest.xml:27:9-55
43        <activity
43-->src/main/AndroidManifest.xml:30:9-38:20
44            android:name="com.vocabulary.scanner.ui.main.MainTabsActivity"
44-->src/main/AndroidManifest.xml:31:13-53
45            android:exported="true"
45-->src/main/AndroidManifest.xml:32:13-36
46            android:theme="@style/Theme.VocabularyScanner" >
46-->src/main/AndroidManifest.xml:33:13-59
47            <intent-filter>
47-->src/main/AndroidManifest.xml:34:13-37:29
48                <action android:name="android.intent.action.MAIN" />
48-->src/main/AndroidManifest.xml:35:17-69
48-->src/main/AndroidManifest.xml:35:25-66
49
50                <category android:name="android.intent.category.LAUNCHER" />
50-->src/main/AndroidManifest.xml:36:17-77
50-->src/main/AndroidManifest.xml:36:27-74
51            </intent-filter>
52        </activity>
53        <activity
53-->src/main/AndroidManifest.xml:40:9-43:62
54            android:name="com.vocabulary.scanner.ui.main.MainActivity"
54-->src/main/AndroidManifest.xml:41:13-49
55            android:exported="false"
55-->src/main/AndroidManifest.xml:42:13-37
56            android:theme="@style/Theme.VocabularyScanner" />
56-->src/main/AndroidManifest.xml:43:13-59
57        <activity
57-->src/main/AndroidManifest.xml:45:9-48:52
58            android:name="com.vocabulary.scanner.ui.scan.ScanActivity"
58-->src/main/AndroidManifest.xml:46:13-49
59            android:exported="false"
59-->src/main/AndroidManifest.xml:47:13-37
60            android:screenOrientation="portrait" />
60-->src/main/AndroidManifest.xml:48:13-49
61        <activity
61-->src/main/AndroidManifest.xml:50:9-52:40
62            android:name="com.vocabulary.scanner.ui.result.ResultActivity"
62-->src/main/AndroidManifest.xml:51:13-53
63            android:exported="false" />
63-->src/main/AndroidManifest.xml:52:13-37
64        <activity
64-->src/main/AndroidManifest.xml:54:9-56:40
65            android:name="com.vocabulary.scanner.ui.word.WordDetailActivity"
65-->src/main/AndroidManifest.xml:55:13-55
66            android:exported="false" />
66-->src/main/AndroidManifest.xml:56:13-37
67        <activity
67-->src/main/AndroidManifest.xml:58:9-60:40
68            android:name="com.vocabulary.scanner.ui.vocabulary.VocabularyActivity"
68-->src/main/AndroidManifest.xml:59:13-61
69            android:exported="false" />
69-->src/main/AndroidManifest.xml:60:13-37
70        <activity
70-->src/main/AndroidManifest.xml:62:9-64:40
71            android:name="com.vocabulary.scanner.ui.settings.SettingsActivity"
71-->src/main/AndroidManifest.xml:63:13-57
72            android:exported="false" />
72-->src/main/AndroidManifest.xml:64:13-37
73        <activity
73-->src/main/AndroidManifest.xml:66:9-68:40
74            android:name="com.vocabulary.scanner.ui.import.ImportVocabularyActivity"
74-->src/main/AndroidManifest.xml:67:13-63
75            android:exported="false" />
75-->src/main/AndroidManifest.xml:68:13-37
76        <activity
76-->src/main/AndroidManifest.xml:70:9-72:40
77            android:name="com.vocabulary.scanner.ui.translation.TranslationActivity"
77-->src/main/AndroidManifest.xml:71:13-63
78            android:exported="false" />
78-->src/main/AndroidManifest.xml:72:13-37
79
80        <service
80-->[androidx.camera:camera-camera2:1.3.1] AndroidManifest.xml:24:9-33:19
81            android:name="androidx.camera.core.impl.MetadataHolderService"
81-->[androidx.camera:camera-camera2:1.3.1] AndroidManifest.xml:25:13-75
82            android:enabled="false"
82-->[androidx.camera:camera-camera2:1.3.1] AndroidManifest.xml:26:13-36
83            android:exported="false" >
83-->[androidx.camera:camera-camera2:1.3.1] AndroidManifest.xml:27:13-37
84            <meta-data
84-->[androidx.camera:camera-camera2:1.3.1] AndroidManifest.xml:30:13-32:89
85                android:name="androidx.camera.core.impl.MetadataHolderService.DEFAULT_CONFIG_PROVIDER"
85-->[androidx.camera:camera-camera2:1.3.1] AndroidManifest.xml:31:17-103
86                android:value="androidx.camera.camera2.Camera2Config$DefaultProvider" />
86-->[androidx.camera:camera-camera2:1.3.1] AndroidManifest.xml:32:17-86
87        </service>
88
89        <provider
89-->[androidx.emoji2:emoji2:1.2.0] AndroidManifest.xml:24:9-32:20
90            android:name="androidx.startup.InitializationProvider"
90-->[androidx.emoji2:emoji2:1.2.0] AndroidManifest.xml:25:13-67
91            android:authorities="com.vocabulary.scanner.androidx-startup"
91-->[androidx.emoji2:emoji2:1.2.0] AndroidManifest.xml:26:13-68
92            android:exported="false" >
92-->[androidx.emoji2:emoji2:1.2.0] AndroidManifest.xml:27:13-37
93            <meta-data
93-->[androidx.emoji2:emoji2:1.2.0] AndroidManifest.xml:29:13-31:52
94                android:name="androidx.emoji2.text.EmojiCompatInitializer"
94-->[androidx.emoji2:emoji2:1.2.0] AndroidManifest.xml:30:17-75
95                android:value="androidx.startup" />
95-->[androidx.emoji2:emoji2:1.2.0] AndroidManifest.xml:31:17-49
96            <meta-data
96-->[androidx.lifecycle:lifecycle-process:2.7.0] AndroidManifest.xml:29:13-31:52
97                android:name="androidx.lifecycle.ProcessLifecycleInitializer"
97-->[androidx.lifecycle:lifecycle-process:2.7.0] AndroidManifest.xml:30:17-78
98                android:value="androidx.startup" />
98-->[androidx.lifecycle:lifecycle-process:2.7.0] AndroidManifest.xml:31:17-49
99            <meta-data
99-->[androidx.profileinstaller:profileinstaller:1.3.0] AndroidManifest.xml:29:13-31:52
100                android:name="androidx.profileinstaller.ProfileInstallerInitializer"
100-->[androidx.profileinstaller:profileinstaller:1.3.0] AndroidManifest.xml:30:17-85
101                android:value="androidx.startup" />
101-->[androidx.profileinstaller:profileinstaller:1.3.0] AndroidManifest.xml:31:17-49
102        </provider>
103
104        <service
104-->[com.google.android.gms:play-services-mlkit-text-recognition-common:19.0.0] AndroidManifest.xml:9:9-15:19
105            android:name="com.google.mlkit.common.internal.MlKitComponentDiscoveryService"
105-->[com.google.android.gms:play-services-mlkit-text-recognition-common:19.0.0] AndroidManifest.xml:10:13-91
106            android:directBootAware="true"
106-->[com.google.mlkit:common:18.8.0] AndroidManifest.xml:17:13-43
107            android:exported="false" >
107-->[com.google.android.gms:play-services-mlkit-text-recognition-common:19.0.0] AndroidManifest.xml:11:13-37
108            <meta-data
108-->[com.google.android.gms:play-services-mlkit-text-recognition-common:19.0.0] AndroidManifest.xml:12:13-14:85
109                android:name="com.google.firebase.components:com.google.mlkit.vision.text.internal.TextRegistrar"
109-->[com.google.android.gms:play-services-mlkit-text-recognition-common:19.0.0] AndroidManifest.xml:13:17-114
110                android:value="com.google.firebase.components.ComponentRegistrar" />
110-->[com.google.android.gms:play-services-mlkit-text-recognition-common:19.0.0] AndroidManifest.xml:14:17-82
111            <meta-data
111-->[com.google.mlkit:vision-common:17.3.0] AndroidManifest.xml:12:13-14:85
112                android:name="com.google.firebase.components:com.google.mlkit.vision.common.internal.VisionCommonRegistrar"
112-->[com.google.mlkit:vision-common:17.3.0] AndroidManifest.xml:13:17-124
113                android:value="com.google.firebase.components.ComponentRegistrar" />
113-->[com.google.mlkit:vision-common:17.3.0] AndroidManifest.xml:14:17-82
114            <meta-data
114-->[com.google.mlkit:common:18.8.0] AndroidManifest.xml:20:13-22:85
115                android:name="com.google.firebase.components:com.google.mlkit.common.internal.CommonComponentRegistrar"
115-->[com.google.mlkit:common:18.8.0] AndroidManifest.xml:21:17-120
116                android:value="com.google.firebase.components.ComponentRegistrar" />
116-->[com.google.mlkit:common:18.8.0] AndroidManifest.xml:22:17-82
117        </service>
118
119        <provider
119-->[com.google.mlkit:common:18.8.0] AndroidManifest.xml:9:9-13:38
120            android:name="com.google.mlkit.common.internal.MlKitInitProvider"
120-->[com.google.mlkit:common:18.8.0] AndroidManifest.xml:10:13-78
121            android:authorities="com.vocabulary.scanner.mlkitinitprovider"
121-->[com.google.mlkit:common:18.8.0] AndroidManifest.xml:11:13-69
122            android:exported="false"
122-->[com.google.mlkit:common:18.8.0] AndroidManifest.xml:12:13-37
123            android:initOrder="99" />
123-->[com.google.mlkit:common:18.8.0] AndroidManifest.xml:13:13-35
124
125        <activity
125-->[com.google.android.gms:play-services-base:18.1.0] AndroidManifest.xml:20:9-22:45
126            android:name="com.google.android.gms.common.api.GoogleApiActivity"
126-->[com.google.android.gms:play-services-base:18.1.0] AndroidManifest.xml:20:19-85
127            android:exported="false"
127-->[com.google.android.gms:play-services-base:18.1.0] AndroidManifest.xml:22:19-43
128            android:theme="@android:style/Theme.Translucent.NoTitleBar" />
128-->[com.google.android.gms:play-services-base:18.1.0] AndroidManifest.xml:21:19-78
129
130        <meta-data
130-->[com.google.android.gms:play-services-basement:18.1.0] AndroidManifest.xml:21:9-23:69
131            android:name="com.google.android.gms.version"
131-->[com.google.android.gms:play-services-basement:18.1.0] AndroidManifest.xml:22:13-58
132            android:value="@integer/google_play_services_version" />
132-->[com.google.android.gms:play-services-basement:18.1.0] AndroidManifest.xml:23:13-66
133
134        <uses-library
134-->[androidx.window:window:1.0.0] AndroidManifest.xml:25:9-27:40
135            android:name="androidx.window.extensions"
135-->[androidx.window:window:1.0.0] AndroidManifest.xml:26:13-54
136            android:required="false" />
136-->[androidx.window:window:1.0.0] AndroidManifest.xml:27:13-37
137        <uses-library
137-->[androidx.window:window:1.0.0] AndroidManifest.xml:28:9-30:40
138            android:name="androidx.window.sidecar"
138-->[androidx.window:window:1.0.0] AndroidManifest.xml:29:13-51
139            android:required="false" />
139-->[androidx.window:window:1.0.0] AndroidManifest.xml:30:13-37
140
141        <service
141-->[androidx.room:room-runtime:2.6.1] AndroidManifest.xml:24:9-28:63
142            android:name="androidx.room.MultiInstanceInvalidationService"
142-->[androidx.room:room-runtime:2.6.1] AndroidManifest.xml:25:13-74
143            android:directBootAware="true"
143-->[androidx.room:room-runtime:2.6.1] AndroidManifest.xml:26:13-43
144            android:exported="false" />
144-->[androidx.room:room-runtime:2.6.1] AndroidManifest.xml:27:13-37
145
146        <receiver
146-->[androidx.profileinstaller:profileinstaller:1.3.0] AndroidManifest.xml:34:9-52:20
147            android:name="androidx.profileinstaller.ProfileInstallReceiver"
147-->[androidx.profileinstaller:profileinstaller:1.3.0] AndroidManifest.xml:35:13-76
148            android:directBootAware="false"
148-->[androidx.profileinstaller:profileinstaller:1.3.0] AndroidManifest.xml:36:13-44
149            android:enabled="true"
149-->[androidx.profileinstaller:profileinstaller:1.3.0] AndroidManifest.xml:37:13-35
150            android:exported="true"
150-->[androidx.profileinstaller:profileinstaller:1.3.0] AndroidManifest.xml:38:13-36
151            android:permission="android.permission.DUMP" >
151-->[androidx.profileinstaller:profileinstaller:1.3.0] AndroidManifest.xml:39:13-57
152            <intent-filter>
152-->[androidx.profileinstaller:profileinstaller:1.3.0] AndroidManifest.xml:40:13-42:29
153                <action android:name="androidx.profileinstaller.action.INSTALL_PROFILE" />
153-->[androidx.profileinstaller:profileinstaller:1.3.0] AndroidManifest.xml:41:17-91
153-->[androidx.profileinstaller:profileinstaller:1.3.0] AndroidManifest.xml:41:25-88
154            </intent-filter>
155            <intent-filter>
155-->[androidx.profileinstaller:profileinstaller:1.3.0] AndroidManifest.xml:43:13-45:29
156                <action android:name="androidx.profileinstaller.action.SKIP_FILE" />
156-->[androidx.profileinstaller:profileinstaller:1.3.0] AndroidManifest.xml:44:17-85
156-->[androidx.profileinstaller:profileinstaller:1.3.0] AndroidManifest.xml:44:25-82
157            </intent-filter>
158            <intent-filter>
158-->[androidx.profileinstaller:profileinstaller:1.3.0] AndroidManifest.xml:46:13-48:29
159                <action android:name="androidx.profileinstaller.action.SAVE_PROFILE" />
159-->[androidx.profileinstaller:profileinstaller:1.3.0] AndroidManifest.xml:47:17-88
159-->[androidx.profileinstaller:profileinstaller:1.3.0] AndroidManifest.xml:47:25-85
160            </intent-filter>
161            <intent-filter>
161-->[androidx.profileinstaller:profileinstaller:1.3.0] AndroidManifest.xml:49:13-51:29
162                <action android:name="androidx.profileinstaller.action.BENCHMARK_OPERATION" />
162-->[androidx.profileinstaller:profileinstaller:1.3.0] AndroidManifest.xml:50:17-95
162-->[androidx.profileinstaller:profileinstaller:1.3.0] AndroidManifest.xml:50:25-92
163            </intent-filter>
164        </receiver>
165
166        <service
166-->[com.google.android.datatransport:transport-backend-cct:2.3.3] AndroidManifest.xml:29:9-35:19
167            android:name="com.google.android.datatransport.runtime.backends.TransportBackendDiscovery"
167-->[com.google.android.datatransport:transport-backend-cct:2.3.3] AndroidManifest.xml:30:13-103
168            android:exported="false" >
168-->[com.google.android.datatransport:transport-backend-cct:2.3.3] AndroidManifest.xml:31:13-37
169            <meta-data
169-->[com.google.android.datatransport:transport-backend-cct:2.3.3] AndroidManifest.xml:32:13-34:39
170                android:name="backend:com.google.android.datatransport.cct.CctBackendFactory"
170-->[com.google.android.datatransport:transport-backend-cct:2.3.3] AndroidManifest.xml:33:17-94
171                android:value="cct" />
171-->[com.google.android.datatransport:transport-backend-cct:2.3.3] AndroidManifest.xml:34:17-36
172        </service>
173        <service
173-->[com.google.android.datatransport:transport-runtime:2.2.6] AndroidManifest.xml:26:9-30:19
174            android:name="com.google.android.datatransport.runtime.scheduling.jobscheduling.JobInfoSchedulerService"
174-->[com.google.android.datatransport:transport-runtime:2.2.6] AndroidManifest.xml:27:13-117
175            android:exported="false"
175-->[com.google.android.datatransport:transport-runtime:2.2.6] AndroidManifest.xml:28:13-37
176            android:permission="android.permission.BIND_JOB_SERVICE" >
176-->[com.google.android.datatransport:transport-runtime:2.2.6] AndroidManifest.xml:29:13-69
177        </service>
178
179        <receiver
179-->[com.google.android.datatransport:transport-runtime:2.2.6] AndroidManifest.xml:32:9-34:40
180            android:name="com.google.android.datatransport.runtime.scheduling.jobscheduling.AlarmManagerSchedulerBroadcastReceiver"
180-->[com.google.android.datatransport:transport-runtime:2.2.6] AndroidManifest.xml:33:13-132
181            android:exported="false" />
181-->[com.google.android.datatransport:transport-runtime:2.2.6] AndroidManifest.xml:34:13-37
182    </application>
183
184</manifest>